============================= test session starts ==============================
platform darwin -- Python 3.13.9, pytest-9.1.1, pluggy-1.6.0 -- /Volumes/扩展盘/guiyi-quant-workstation/services/quant-api/.venv/bin/python
cachedir: .pytest_cache
rootdir: /Volumes/扩展盘/guiyi-quant-workstation/services/quant-api
configfile: pyproject.toml
plugins: anyio-4.14.0, asyncio-1.4.0
asyncio: mode=Mode.STRICT, debug=False, asyncio_default_fixture_loop_scope=None, asyncio_default_test_loop_scope=function
collecting ... collected 3 items

tests/test_health.py::test_health_endpoint_returns_ok PASSED             [ 33%]
tests/test_health.py::test_api_health_endpoint_returns_full_payload PASSED [ 66%]
tests/test_health.py::test_healthz_endpoint_returns_local_workstation_payload PASSED [100%]

============================== 3 passed in 0.77s ===============================
